Problem:    portfolio
Rows:       11
Columns:    6
Non-zeros:  24
Status:     OPTIMAL
Objective:  return = 1.1 (MAXimum)

   No.   Row name   St   Activity     Lower bound   Upper bound    Marginal
------ ------------ -- ------------- ------------- ------------- -------------
     1 return       B            1.1                             
     2 upper[1]     B              0                          -0 
     3 upper[2]     B              0                          -0 
     4 upper[3]     B              0                          -0 
     5 upper[4]     B              0                          -0 
     6 lower[1]     B              0            -0               
     7 lower[2]     B              0            -0               
     8 lower[3]     B              0            -0               
     9 lower[4]     B              0            -0               
    10 risk         B              0                           1 
    11 total        NS             1             1             =           1.1

   No. Column name  St   Activity     Lower bound   Upper bound    Marginal
------ ------------ -- ------------- ------------- ------------- -------------
     1 x[bnd]       B              1             0               
     2 x[stk]       NL             0             0                       < eps
     3 y[1]         NL             0             0                       < eps
     4 y[2]         NL             0             0                       < eps
     5 y[3]         NL             0             0                       < eps
     6 y[4]         NL             0             0                       < eps

Karush-Kuhn-Tucker optimality conditions:

KKT.PE: max.abs.err. = 0.00e+00 on row 0
        max.rel.err. = 0.00e+00 on row 0
        High quality

KKT.PB: max.abs.err. = 0.00e+00 on row 0
        max.rel.err. = 0.00e+00 on row 0
        High quality

KKT.DE: max.abs.err. = 0.00e+00 on column 0
        max.rel.err. = 0.00e+00 on column 0
        High quality

KKT.DB: max.abs.err. = 0.00e+00 on row 0
        max.rel.err. = 0.00e+00 on row 0
        High quality

End of output
